<?xml version="1.0" encoding="UTF-8"?>
<testsuite name="com.OrangeHRM.Drag_and_Drop" tests="1" skipped="0" failures="0" errors="0" timestamp="2020-12-23T15:25:40" hostname="HIBACL131408" time="18.435">
  <properties/>
  <testcase name="DragDrop" classname="com.OrangeHRM.Drag_and_Drop" time="18.435"/>
  <system-out><![CDATA[]]></system-out>
  <system-err><![CDATA[SLF4J: Failed to load class "org.slf4j.impl.StaticLoggerBinder".
SLF4J: Defaulting to no-operation (NOP) logger implementation
SLF4J: See http://www.slf4j.org/codes.html#StaticLoggerBinder for further details.
Starting ChromeDriver 87.0.4280.88 (89e2380a3e36c3464b5dd1302349b1382549290d-refs/branch-heads/4280@{#1761}) on port 24508
Only local connections are allowed.
Please see https://chromedriver.chromium.org/security-considerations for suggestions on keeping ChromeDriver safe.
ChromeDriver was started successfully.
Dec 23, 2020 8:55:43 PM org.openqa.selenium.remote.ProtocolHandshake createSession
INFO: Detected dialect: W3C
]]></system-err>
</testsuite>
