<?xml version="1.0" encoding="UTF-8"?>
<testsuite name="com.OrangeHRM.Double_Click_Example" tests="1" skipped="0" failures="0" errors="0" timestamp="2020-12-23T15:25:58" hostname="HIBACL131408" time="9.464">
  <properties/>
  <testcase name="DoubleClick" classname="com.OrangeHRM.Double_Click_Example" time="9.464"/>
  <system-out><![CDATA[hi, JavaTpoint Testing
]]></system-out>
  <system-err><![CDATA[Starting ChromeDriver 87.0.4280.88 (89e2380a3e36c3464b5dd1302349b1382549290d-refs/branch-heads/4280@{#1761}) on port 19642
Only local connections are allowed.
Please see https://chromedriver.chromium.org/security-considerations for suggestions on keeping ChromeDriver safe.
ChromeDriver was started successfully.
Dec 23, 2020 8:56:01 PM org.openqa.selenium.remote.ProtocolHandshake createSession
INFO: Detected dialect: W3C
]]></system-err>
</testsuite>
