<?xml version="1.0" encoding="UTF-8"?>
<!-- Generated by org.testng.reporters.JUnitReportReporter -->
<testsuite name="com.OrangeHRM.OrangeHRM_TestNG" tests="1" time="15.544" ignored="0" failures="0" timestamp="20 Dec 2020 09:44:48 GMT" skipped="0" hostname="HIBACL131408" errors="0">
  <testcase name="Login" time="15.544" classname="com.OrangeHRM.OrangeHRM_TestNG"/>
</testsuite> <!-- com.OrangeHRM.OrangeHRM_TestNG -->
