<?xml version="1.0" encoding="UTF-8"?>
<!-- Generated by org.testng.reporters.JUnitReportReporter -->
<testsuite name="com.OrangeHRM.Double_Click_Example" tests="1" time="9.690" ignored="0" failures="0" timestamp="20 Dec 2020 10:46:32 GMT" skipped="0" hostname="HIBACL131408" errors="0">
  <testcase name="DoubleClick" time="9.690" classname="com.OrangeHRM.Double_Click_Example"/>
</testsuite> <!-- com.OrangeHRM.Double_Click_Example -->
