<?xml version="1.0" encoding="UTF-8"?>
<!-- Generated by org.testng.reporters.JUnitReportReporter -->
<testsuite name="com.OrangeHRM.Drag_and_Drop" tests="1" time="19.244" ignored="0" failures="0" timestamp="20 Dec 2020 10:46:32 GMT" skipped="0" hostname="HIBACL131408" errors="0">
  <testcase name="DragDrop" time="19.244" classname="com.OrangeHRM.Drag_and_Drop"/>
</testsuite> <!-- com.OrangeHRM.Drag_and_Drop -->
